<?xml version="1.0" encoding="UTF-8"?>
<testng-results skipped="0" failed="0" total="1" passed="1">
  <reporter-output>
  </reporter-output>
  <suite name="WhistleMessaging" duration-ms="44685" started-at="2018-08-01T16:33:22Z" finished-at="2018-08-01T16:34:06Z">
    <groups>
    </groups>
    <test name="Regression suite 1" duration-ms="44685" started-at="2018-08-01T16:33:22Z" finished-at="2018-08-01T16:34:06Z">
      <class name="testscripts.HomePage">
        <test-method status="PASS" signature="beforeClassHomePage()[pri:0, instance:testscripts.HomePage@7e0b0338]" name="beforeClassHomePage" is-config="true" duration-ms="9665" started-at="2018-08-01T22:03:22Z" finished-at="2018-08-01T22:03:31Z">
          <reporter-output>
          </reporter-output>
        </test-method> <!-- beforeClassHomePage -->
        <test-method status="PASS" signature="checkTemplates()[pri:0, instance:testscripts.HomePage@7e0b0338]" name="checkTemplates" duration-ms="24476" started-at="2018-08-01T22:03:31Z" description="Check templates" finished-at="2018-08-01T22:03:56Z">
          <reporter-output>
          </reporter-output>
        </test-method> <!-- checkTemplates -->
        <test-method status="PASS" signature="homePageAfterClass()[pri:0, instance:testscripts.HomePage@7e0b0338]" name="homePageAfterClass" is-config="true" duration-ms="10533" started-at="2018-08-01T22:03:56Z" finished-at="2018-08-01T22:04:06Z">
          <reporter-output>
          </reporter-output>
        </test-method> <!-- homePageAfterClass -->
      </class> <!-- testscripts.HomePage -->
      <class name="framework.MainMethod">
        <test-method status="PASS" signature="driverStart()[pri:0, instance:framework.MainMethod@55d56113]" name="driverStart" is-config="true" duration-ms="6841" started-at="2018-08-01T22:03:15Z" finished-at="2018-08-01T22:03:22Z">
          <reporter-output>
          </reporter-output>
        </test-method> <!-- driverStart -->
        <test-method status="PASS" signature="driverEnd()[pri:0, instance:framework.MainMethod@55d56113]" name="driverEnd" is-config="true" duration-ms="442" started-at="2018-08-01T22:04:06Z" finished-at="2018-08-01T22:04:07Z">
          <reporter-output>
          </reporter-output>
        </test-method> <!-- driverEnd -->
      </class> <!-- framework.MainMethod -->
    </test> <!-- Regression suite 1 -->
  </suite> <!-- WhistleMessaging -->
</testng-results>
