<?xml version="1.0" encoding="UTF-8"?>
<!-- Generated by org.testng.reporters.JUnitXMLReporter -->
<testsuite hostname="admins-Mac-mini.local" name="Regression suite 1" tests="1" failures="1" timestamp="8 Jul 2018 14:48:16 GMT" time="30.185" errors="0">
  <testcase name="checkLogin" time="30.172" classname="testscripts.LoginPage">
    <failure type="java.lang.AssertionError" message="expected [true] but found [false]">
      <![CDATA[java.lang.AssertionError: expected [true] but found [false]
	at testscripts.LoginPage.checkLogin(LoginPage.java:76)
... Removed 28 stack frames]]>
    </failure>
  </testcase> <!-- checkLogin -->
</testsuite> <!-- Regression suite 1 -->
